Arguments: 
  /home/butterbeard/.nvm/versions/node/v8.11.3/bin/node /usr/share/yarn/bin/yarn.js init

PATH: 
  /home/butterbeard/.nvm/versions/node/v8.11.3/bin:/home/butterbeard/.javapytools:/usr/local/apache-maven-3.5.2/bin:/home/butterbeard/bin:/home/butterbeard/.local/bin:/usr/lib/android-sdk/tools:/usr/lib/android-sdk/platform-tools:/usr/local/sbin:/usr/local/bin:/usr/sbin:/usr/bin:/sbin:/bin:/usr/games:/usr/local/games:/home/butterbeard/.local/bin:/snap/bin

Yarn version: 
  1.7.0

Node version: 
  8.11.3

Platform: 
  linux x64

Trace: 
  Error: canceled
      at Interface.<anonymous> (/usr/share/yarn/lib/cli.js:131036:13)
      at emitNone (events.js:106:13)
      at Interface.emit (events.js:208:7)
      at Interface._ttyWrite (readline.js:774:16)
      at ReadStream.onkeypress (readline.js:158:10)
      at emitTwo (events.js:126:13)
      at ReadStream.emit (events.js:214:7)
      at emitKeys (internal/readline.js:420:14)
      at emitKeys.next (<anonymous>)
      at ReadStream.onData (readline.js:1010:36)

npm manifest: 
  No manifest

yarn manifest: 
  No manifest

Lockfile: 
  No lockfile
